        -:    0:Source:testme.c
        -:    0:Graph:testme.gcno
        -:    0:Data:testme.gcda
        -:    0:Runs:1
        -:    0:Programs:1
        -:    1:#include<stdio.h>
        -:    2:#include<string.h>
        -:    3:#include<stdlib.h>
        -:    4:#include<time.h>
        -:    5:
function inputChar called 2474 returned 100% blocks executed 100%
     2474:    6:char inputChar()
        -:    7:{
     2474:    8:    char rand_char = rand() % 126; //set char to any ASCII value
call    0 returned 100%
     2474:    9:    return rand_char;
        -:   10:}
        -:   11:
function inputString called 2474 returned 100% blocks executed 100%
     2474:   12:char *inputString()
        -:   13:{
     2474:   14:    int length = 6; //Pick a string length between 0 - 49
        -:   15:    char *rand_str;
     2474:   16:    rand_str = (char *)malloc(sizeof(char)*length);
        -:   17:    //Goes through and calls inputChar to fill out each char in the string
     2474:   18:    char terminator_chars[5] = "reset";
    14844:   19:    for(int i = 0; i < length-1; i++){
branch  0 taken 83%
branch  1 taken 17% (fallthrough)
    12370:   20:        rand_str[i] = terminator_chars[rand() % 5];
call    0 returned 100%
        -:   21:    }
     2474:   22:    rand_str[length-1] = '\0';
     2474:   23:    return rand_str;
        -:   24:}
        -:   25:
function testme called 1 returned 0% blocks executed 100%
        1:   26:void testme()
        -:   27:{
        1:   28:  int tcCount = 0;
        -:   29:  char *s;
        -:   30:  char c;
        1:   31:  int state = 0;
        -:   32:  while (1)
        -:   33:  {
     2474:   34:    tcCount++;
     2474:   35:    c = inputChar();
call    0 returned 100%
     2474:   36:    s = inputString();
call    0 returned 100%
     2474:   37:    printf("Iteration %d: c = %c, s = %s, state = %d\n", tcCount, c, s, state);
call    0 returned 100%
        -:   38:
     2474:   39:    if (c == '[' && state == 0) state = 1;
branch  0 taken 1% (fallthrough)
branch  1 taken 99%
branch  2 taken 5% (fallthrough)
branch  3 taken 95%
     2474:   40:    if (c == '(' && state == 1) state = 2;
branch  0 taken 1% (fallthrough)
branch  1 taken 99%
branch  2 taken 8% (fallthrough)
branch  3 taken 92%
     2474:   41:    if (c == '{' && state == 2) state = 3;
branch  0 taken 1% (fallthrough)
branch  1 taken 99%
branch  2 taken 4% (fallthrough)
branch  3 taken 96%
     2474:   42:    if (c == ' '&& state == 3) state = 4;
branch  0 taken 1% (fallthrough)
branch  1 taken 99%
branch  2 taken 8% (fallthrough)
branch  3 taken 92%
     2474:   43:    if (c == 'a' && state == 4) state = 5;
branch  0 taken 1% (fallthrough)
branch  1 taken 99%
branch  2 taken 5% (fallthrough)
branch  3 taken 95%
     2474:   44:    if (c == 'x' && state == 5) state = 6;
branch  0 taken 1% (fallthrough)
branch  1 taken 99%
branch  2 taken 5% (fallthrough)
branch  3 taken 95%
     2474:   45:    if (c == '}' && state == 6) state = 7;
branch  0 taken 1% (fallthrough)
branch  1 taken 99%
branch  2 taken 3% (fallthrough)
branch  3 taken 97%
     2474:   46:    if (c == ')' && state == 7) state = 8;
branch  0 taken 1% (fallthrough)
branch  1 taken 99%
branch  2 taken 8% (fallthrough)
branch  3 taken 92%
     2474:   47:    if (c == ']' && state == 8) state = 9;
branch  0 taken 1% (fallthrough)
branch  1 taken 99%
branch  2 taken 5% (fallthrough)
branch  3 taken 95%
     2474:   48:    if (s[0] == 'r' && s[1] == 'e'
branch  0 taken 20% (fallthrough)
branch  1 taken 80%
branch  2 taken 38% (fallthrough)
branch  3 taken 62%
      190:   49:       && s[2] == 's' && s[3] == 'e'
branch  0 taken 16% (fallthrough)
branch  1 taken 84%
branch  2 taken 42% (fallthrough)
branch  3 taken 58%
       13:   50:       && s[4] == 't' && s[5] == '\0'
branch  0 taken 15% (fallthrough)
branch  1 taken 85%
branch  2 taken 100% (fallthrough)
branch  3 taken 0%
        2:   51:       && state == 9)
branch  0 taken 50% (fallthrough)
branch  1 taken 50%
        -:   52:    {
        1:   53:      printf("error ");
call    0 returned 100%
        1:   54:      exit(200);
call    0 returned 0%
        -:   55:    }
     2473:   56:  }
        -:   57:}
        -:   58:
        -:   59:
function main called 1 returned 0% blocks executed 80%
        1:   60:int main(int argc, char *argv[])
        -:   61:{
        1:   62:    srand(time(NULL));
call    0 returned 100%
call    1 returned 100%
        1:   63:    testme();
call    0 returned 0%
    #####:   64:    return 0;
        -:   65:}
