        -:    0:Source:dominion.c
        -:    0:Graph:dominion.gcno
        -:    0:Data:dominion.gcda
        -:    0:Runs:5
        -:    0:Programs:5
        -:    1:#include "dominion.h"
        -:    2:#include "dominion_helpers.h"
        -:    3:#include "rngs.h"
        -:    4:#include <stdio.h>
        -:    5:#include <math.h>
        -:    6:#include <stdlib.h>
        -:    7:
function compare called 465 returned 100% blocks executed 83%
      465:    8:int compare(const void* a, const void* b) {
      465:    9:    if (*(int*)a > *(int*)b)
branch  0 taken 0% (fallthrough)
branch  1 taken 100%
    #####:   10:        return 1;
      465:   11:    if (*(int*)a < *(int*)b)
branch  0 taken 27% (fallthrough)
branch  1 taken 73%
      124:   12:        return -1;
      341:   13:    return 0;
        -:   14:}
        -:   15:
function newGame called 0 returned 0% blocks executed 0%
    #####:   16:struct gameState* newGame() {
    #####:   17:    struct gameState* g = malloc(sizeof(struct gameState));
    #####:   18:    return g;
        -:   19:}
        -:   20:
function kingdomCards called 0 returned 0% blocks executed 0%
    #####:   21:int* kingdomCards(int k1, int k2, int k3, int k4, int k5, int k6, int k7,
        -:   22:                  int k8, int k9, int k10) {
    #####:   23:    int* k = malloc(10 * sizeof(int));
    #####:   24:    k[0] = k1;
    #####:   25:    k[1] = k2;
    #####:   26:    k[2] = k3;
    #####:   27:    k[3] = k4;
    #####:   28:    k[4] = k5;
    #####:   29:    k[5] = k6;
    #####:   30:    k[6] = k7;
    #####:   31:    k[7] = k8;
    #####:   32:    k[8] = k9;
    #####:   33:    k[9] = k10;
    #####:   34:    return k;
        -:   35:}
        -:   36:
function initializeGame called 12 returned 100% blocks executed 94%
       12:   37:int initializeGame(int numPlayers, int kingdomCards[10], int randomSeed,
        -:   38:    struct gameState *state) {
        -:   39:    int i;
        -:   40:    int j;
        -:   41:    int it;
        -:   42:
        -:   43:    //set up random number generator
       12:   44:    SelectStream(1);
call    0 returned 100%
       12:   45:    PutSeed((long)randomSeed);
call    0 returned 100%
        -:   46:
        -:   47:    //check number of players
       12:   48:    if (numPlayers > MAX_PLAYERS || numPlayers < 2)
branch  0 taken 100% (fallthrough)
branch  1 taken 0%
branch  2 taken 0% (fallthrough)
branch  3 taken 100%
        -:   49:    {
    #####:   50:        return -1;
        -:   51:    }
        -:   52:
        -:   53:    //set number of players
       12:   54:    state->numPlayers = numPlayers;
        -:   55:
        -:   56:    //check selected kingdom cards are different
      132:   57:    for (i = 0; i < 10; i++)
branch  0 taken 91%
branch  1 taken 9% (fallthrough)
        -:   58:    {
     1320:   59:        for (j = 0; j < 10; j++)
branch  0 taken 91%
branch  1 taken 9% (fallthrough)
        -:   60:        {
     1200:   61:            if (j != i && kingdomCards[j] == kingdomCards[i])
branch  0 taken 90% (fallthrough)
branch  1 taken 10%
branch  2 taken 0% (fallthrough)
branch  3 taken 100%
        -:   62:            {
    #####:   63:                return -1;
        -:   64:            }
        -:   65:        }
        -:   66:    }
        -:   67:
        -:   68:
        -:   69:    //initialize supply
        -:   70:    ///////////////////////////////
        -:   71:
        -:   72:    //set number of Curse cards
       12:   73:    if (numPlayers == 2)
branch  0 taken 42% (fallthrough)
branch  1 taken 58%
        -:   74:    {
        5:   75:        state->supplyCount[curse] = 10;
        -:   76:    }
        7:   77:    else if (numPlayers == 3)
branch  0 taken 100% (fallthrough)
branch  1 taken 0%
        -:   78:    {
        7:   79:        state->supplyCount[curse] = 20;
        -:   80:    }
        -:   81:    else
        -:   82:    {
    #####:   83:        state->supplyCount[curse] = 30;
        -:   84:    }
        -:   85:
        -:   86:    //set number of Victory cards
       12:   87:    if (numPlayers == 2)
branch  0 taken 42% (fallthrough)
branch  1 taken 58%
        -:   88:    {
        5:   89:        state->supplyCount[estate] = 8;
        5:   90:        state->supplyCount[duchy] = 8;
        5:   91:        state->supplyCount[province] = 8;
        -:   92:    }
        -:   93:    else
        -:   94:    {
        7:   95:        state->supplyCount[estate] = 12;
        7:   96:        state->supplyCount[duchy] = 12;
        7:   97:        state->supplyCount[province] = 12;
        -:   98:    }
        -:   99:
        -:  100:    //set number of Treasure cards
       12:  101:    state->supplyCount[copper] = 60 - (7 * numPlayers);
       12:  102:    state->supplyCount[silver] = 40;
       12:  103:    state->supplyCount[gold] = 30;
        -:  104:
        -:  105:    //set number of Kingdom cards
      252:  106:    for (i = adventurer; i <= treasure_map; i++)       	//loop all cards
branch  0 taken 95%
branch  1 taken 5% (fallthrough)
        -:  107:    {
     1980:  108:        for (j = 0; j < 10; j++)           		//loop chosen cards
branch  0 taken 94%
branch  1 taken 6% (fallthrough)
        -:  109:        {
     1860:  110:            if (kingdomCards[j] == i)
branch  0 taken 6% (fallthrough)
branch  1 taken 94%
        -:  111:            {
        -:  112:                //check if card is a 'Victory' Kingdom card
      120:  113:                if (kingdomCards[j] == great_hall || kingdomCards[j] == gardens)
branch  0 taken 90% (fallthrough)
branch  1 taken 10%
branch  2 taken 11% (fallthrough)
branch  3 taken 89%
        -:  114:                {
       48:  115:                    if (numPlayers == 2) {
branch  0 taken 42% (fallthrough)
branch  1 taken 58%
       10:  116:                        state->supplyCount[i] = 8;
        -:  117:                    }
        -:  118:                    else {
       14:  119:                        state->supplyCount[i] = 12;
        -:  120:                    }
        -:  121:                }
        -:  122:                else
        -:  123:                {
       96:  124:                    state->supplyCount[i] = 10;
        -:  125:                }
      120:  126:                break;
        -:  127:            }
        -:  128:            else    //card is not in the set choosen for the game
        -:  129:            {
     1740:  130:                state->supplyCount[i] = -1;
        -:  131:            }
        -:  132:        }
        -:  133:
        -:  134:    }
        -:  135:
        -:  136:    ////////////////////////
        -:  137:    //supply intilization complete
        -:  138:
        -:  139:    //set player decks
       43:  140:    for (i = 0; i < numPlayers; i++)
branch  0 taken 72%
branch  1 taken 28% (fallthrough)
        -:  141:    {
       31:  142:        state->deckCount[i] = 0;
      124:  143:        for (j = 0; j < 3; j++)
branch  0 taken 75%
branch  1 taken 25% (fallthrough)
        -:  144:        {
       93:  145:            state->deck[i][j] = estate;
       93:  146:            state->deckCount[i]++;
        -:  147:        }
      248:  148:        for (j = 3; j < 10; j++)
branch  0 taken 88%
branch  1 taken 13% (fallthrough)
        -:  149:        {
      217:  150:            state->deck[i][j] = copper;
      217:  151:            state->deckCount[i]++;
        -:  152:        }
        -:  153:    }
        -:  154:
        -:  155:    //shuffle player decks
       43:  156:    for (i = 0; i < numPlayers; i++)
branch  0 taken 72%
branch  1 taken 28% (fallthrough)
        -:  157:    {
       31:  158:        if ( shuffle(i, state) < 0 )
call    0 returned 100%
branch  1 taken 0% (fallthrough)
branch  2 taken 100%
        -:  159:        {
    #####:  160:            return -1;
        -:  161:        }
        -:  162:    }
        -:  163:
        -:  164:    //draw player hands
       43:  165:    for (i = 0; i < numPlayers; i++)
branch  0 taken 72%
branch  1 taken 28% (fallthrough)
        -:  166:    {
        -:  167:        //initialize hand size to zero
       31:  168:        state->handCount[i] = 0;
       31:  169:        state->discardCount[i] = 0;
        -:  170:        //draw 5 cards
        -:  171:        // for (j = 0; j < 5; j++)
        -:  172:        //	{
        -:  173:        //	  drawCard(i, state);
        -:  174:        //	}
        -:  175:    }
        -:  176:
        -:  177:    //set embargo tokens to 0 for all supply piles
      336:  178:    for (i = 0; i <= treasure_map; i++)
branch  0 taken 96%
branch  1 taken 4% (fallthrough)
        -:  179:    {
      324:  180:        state->embargoTokens[i] = 0;
        -:  181:    }
        -:  182:
        -:  183:    //initialize first player's turn
       12:  184:    state->outpostPlayed = 0;
       12:  185:    state->phase = 0;
       12:  186:    state->numActions = 1;
       12:  187:    state->numBuys = 1;
       12:  188:    state->playedCardCount = 0;
       12:  189:    state->whoseTurn = 0;
       12:  190:    state->handCount[state->whoseTurn] = 0;
        -:  191:    //int it; move to top
        -:  192:
        -:  193:    //Moved draw cards to here, only drawing at the start of a turn
       72:  194:    for (it = 0; it < 5; it++) {
branch  0 taken 83%
branch  1 taken 17% (fallthrough)
       60:  195:        drawCard(state->whoseTurn, state);
call    0 returned 100%
        -:  196:    }
        -:  197:
       12:  198:    updateCoins(state->whoseTurn, state, 0);
call    0 returned 100%
        -:  199:
       12:  200:    return 0;
        -:  201:}
        -:  202:
function shuffle called 34 returned 100% blocks executed 100%
       34:  203:int shuffle(int player, struct gameState *state) {
        -:  204:
        -:  205:
        -:  206:    int newDeck[MAX_DECK];
       34:  207:    int newDeckPos = 0;
        -:  208:    int card;
        -:  209:    int i;
        -:  210:
       34:  211:    if (state->deckCount[player] < 1)
branch  0 taken 9% (fallthrough)
branch  1 taken 91%
        3:  212:        return -1;
       31:  213:    qsort ((void*)(state->deck[player]), state->deckCount[player], sizeof(int), compare);
call    0 returned 100%
        -:  214:    /* SORT CARDS IN DECK TO ENSURE DETERMINISM! */
        -:  215:
      372:  216:    while (state->deckCount[player] > 0) {
branch  0 taken 91%
branch  1 taken 9% (fallthrough)
      310:  217:        card = floor(Random() * state->deckCount[player]);
call    0 returned 100%
      310:  218:        newDeck[newDeckPos] = state->deck[player][card];
      310:  219:        newDeckPos++;
     1116:  220:        for (i = card; i < state->deckCount[player]-1; i++) {
branch  0 taken 72%
branch  1 taken 28% (fallthrough)
      806:  221:            state->deck[player][i] = state->deck[player][i+1];
        -:  222:        }
      310:  223:        state->deckCount[player]--;
        -:  224:    }
      341:  225:    for (i = 0; i < newDeckPos; i++) {
branch  0 taken 91%
branch  1 taken 9% (fallthrough)
      310:  226:        state->deck[player][i] = newDeck[i];
      310:  227:        state->deckCount[player]++;
        -:  228:    }
        -:  229:
       31:  230:    return 0;
        -:  231:}
        -:  232:
function playCard called 0 returned 0% blocks executed 0%
    #####:  233:int playCard(int handPos, int choice1, int choice2, int choice3, struct gameState *state)
        -:  234:{
        -:  235:    int card;
    #####:  236:    int coin_bonus = 0; 		//tracks coins gain from actions
        -:  237:
        -:  238:    //check if it is the right phase
    #####:  239:    if (state->phase != 0)
branch  0 never executed
branch  1 never executed
        -:  240:    {
    #####:  241:        return -1;
        -:  242:    }
        -:  243:
        -:  244:    //check if player has enough actions
    #####:  245:    if ( state->numActions < 1 )
branch  0 never executed
branch  1 never executed
        -:  246:    {
    #####:  247:        return -1;
        -:  248:    }
        -:  249:
        -:  250:    //get card played
    #####:  251:    card = handCard(handPos, state);
call    0 never executed
        -:  252:
        -:  253:    //check if selected card is an action
    #####:  254:    if ( card < adventurer || card > treasure_map )
branch  0 never executed
branch  1 never executed
branch  2 never executed
branch  3 never executed
        -:  255:    {
    #####:  256:        return -1;
        -:  257:    }
        -:  258:
        -:  259:    //play card
    #####:  260:    if ( cardEffect(card, choice1, choice2, choice3, state, handPos, &coin_bonus) < 0 )
call    0 never executed
branch  1 never executed
branch  2 never executed
        -:  261:    {
    #####:  262:        return -1;
        -:  263:    }
        -:  264:
        -:  265:    //reduce number of actions
    #####:  266:    state->numActions--;
        -:  267:
        -:  268:    //update coins (Treasure cards may be added with card draws)
    #####:  269:    updateCoins(state->whoseTurn, state, coin_bonus);
call    0 never executed
        -:  270:
    #####:  271:    return 0;
        -:  272:}
        -:  273:
function buyCard called 0 returned 0% blocks executed 0%
    #####:  274:int buyCard(int supplyPos, struct gameState *state) {
        -:  275:    int who;
        -:  276:    if (DEBUG) {
        -:  277:        printf("Entering buyCard...\n");
        -:  278:    }
        -:  279:
        -:  280:    // I don't know what to do about the phase thing.
        -:  281:
    #####:  282:    who = state->whoseTurn;
        -:  283:
    #####:  284:    if (state->numBuys < 1) {
branch  0 never executed
branch  1 never executed
        -:  285:        if (DEBUG)
        -:  286:            printf("You do not have any buys left\n");
    #####:  287:        return -1;
    #####:  288:    } else if (supplyCount(supplyPos, state) <1) {
call    0 never executed
branch  1 never executed
branch  2 never executed
        -:  289:        if (DEBUG)
        -:  290:            printf("There are not any of that type of card left\n");
    #####:  291:        return -1;
    #####:  292:    } else if (state->coins < getCost(supplyPos)) {
call    0 never executed
branch  1 never executed
branch  2 never executed
        -:  293:        if (DEBUG)
        -:  294:            printf("You do not have enough money to buy that. You have %d coins.\n", state->coins);
    #####:  295:        return -1;
        -:  296:    } else {
    #####:  297:        state->phase=1;
        -:  298:        //state->supplyCount[supplyPos]--;
    #####:  299:        gainCard(supplyPos, state, 0, who); //card goes in discard, this might be wrong.. (2 means goes into hand, 0 goes into discard)
call    0 never executed
        -:  300:
    #####:  301:        state->coins = (state->coins) - (getCost(supplyPos));
call    0 never executed
    #####:  302:        state->numBuys--;
        -:  303:        if (DEBUG)
        -:  304:            printf("You bought card number %d for %d coins. You now have %d buys and %d coins.\n", supplyPos, getCost(supplyPos), state->numBuys, state->coins);
        -:  305:    }
        -:  306:
        -:  307:    //state->discard[who][state->discardCount[who]] = supplyPos;
        -:  308:    //state->discardCount[who]++;
        -:  309:
    #####:  310:    return 0;
        -:  311:}
        -:  312:
function numHandCards called 6 returned 100% blocks executed 100%
        6:  313:int numHandCards(struct gameState *state) {
        6:  314:    return state->handCount[ whoseTurn(state) ];
call    0 returned 100%
        -:  315:}
        -:  316:
function handCard called 0 returned 0% blocks executed 0%
    #####:  317:int handCard(int handPos, struct gameState *state) {
    #####:  318:    int currentPlayer = whoseTurn(state);
call    0 never executed
    #####:  319:    return state->hand[currentPlayer][handPos];
        -:  320:}
        -:  321:
function supplyCount called 12 returned 100% blocks executed 100%
       12:  322:int supplyCount(int card, struct gameState *state) {
       12:  323:    return state->supplyCount[card];
        -:  324:}
        -:  325:
function fullDeckCount called 0 returned 0% blocks executed 0%
    #####:  326:int fullDeckCount(int player, int card, struct gameState *state) {
        -:  327:    int i;
    #####:  328:    int count = 0;
        -:  329:
    #####:  330:    for (i = 0; i < state->deckCount[player]; i++)
branch  0 never executed
branch  1 never executed
        -:  331:    {
    #####:  332:        if (state->deck[player][i] == card) count++;
branch  0 never executed
branch  1 never executed
        -:  333:    }
        -:  334:
    #####:  335:    for (i = 0; i < state->handCount[player]; i++)
branch  0 never executed
branch  1 never executed
        -:  336:    {
    #####:  337:        if (state->hand[player][i] == card) count++;
branch  0 never executed
branch  1 never executed
        -:  338:    }
        -:  339:
    #####:  340:    for (i = 0; i < state->discardCount[player]; i++)
branch  0 never executed
branch  1 never executed
        -:  341:    {
    #####:  342:        if (state->discard[player][i] == card) count++;
branch  0 never executed
branch  1 never executed
        -:  343:    }
        -:  344:
    #####:  345:    return count;
        -:  346:}
        -:  347:
function whoseTurn called 18 returned 100% blocks executed 100%
       18:  348:int whoseTurn(struct gameState *state) {
       18:  349:    return state->whoseTurn;
        -:  350:}
        -:  351:
function endTurn called 0 returned 0% blocks executed 0%
    #####:  352:int endTurn(struct gameState *state) {
        -:  353:    int k;
        -:  354:    int i;
    #####:  355:    int currentPlayer = whoseTurn(state);
call    0 never executed
        -:  356:
        -:  357:    //Discard hand
    #####:  358:    for (i = 0; i < state->handCount[currentPlayer]; i++) {
branch  0 never executed
branch  1 never executed
    #####:  359:        state->discard[currentPlayer][state->discardCount[currentPlayer]++] = state->hand[currentPlayer][i];//Discard
    #####:  360:        state->hand[currentPlayer][i] = -1;//Set card to -1
        -:  361:    }
    #####:  362:    state->handCount[currentPlayer] = 0;//Reset hand count
        -:  363:
        -:  364:    //Code for determining the player
    #####:  365:    if (currentPlayer < (state->numPlayers - 1)) {
branch  0 never executed
branch  1 never executed
    #####:  366:        state->whoseTurn = currentPlayer + 1;//Still safe to increment
        -:  367:    }
        -:  368:    else {
    #####:  369:        state->whoseTurn = 0;//Max player has been reached, loop back around to player 1
        -:  370:    }
        -:  371:
    #####:  372:    state->outpostPlayed = 0;
    #####:  373:    state->phase = 0;
    #####:  374:    state->numActions = 1;
    #####:  375:    state->coins = 0;
    #####:  376:    state->numBuys = 1;
    #####:  377:    state->playedCardCount = 0;
    #####:  378:    state->handCount[state->whoseTurn] = 0;
        -:  379:
        -:  380:    //int k; move to top
        -:  381:    //Next player draws hand
    #####:  382:    for (k = 0; k < 5; k++) {
branch  0 never executed
branch  1 never executed
    #####:  383:        drawCard(state->whoseTurn, state);//Draw a card
call    0 never executed
        -:  384:    }
        -:  385:
        -:  386:    //Update money
    #####:  387:    updateCoins(state->whoseTurn, state, 0);
call    0 never executed
        -:  388:
    #####:  389:    return 0;
        -:  390:}
        -:  391:
function isGameOver called 0 returned 0% blocks executed 0%
    #####:  392:int isGameOver(struct gameState *state) {
        -:  393:    int i;
        -:  394:    int j;
        -:  395:
        -:  396:    //if stack of Province cards is empty, the game ends
    #####:  397:    if (state->supplyCount[province] == 0)
branch  0 never executed
branch  1 never executed
        -:  398:    {
    #####:  399:        return 1;
        -:  400:    }
        -:  401:
        -:  402:    //if three supply pile are at 0, the game ends
    #####:  403:    j = 0;
    #####:  404:    for (i = 0; i < 25; i++)
branch  0 never executed
branch  1 never executed
        -:  405:    {
    #####:  406:        if (state->supplyCount[i] == 0)
branch  0 never executed
branch  1 never executed
        -:  407:        {
    #####:  408:            j++;
        -:  409:        }
        -:  410:    }
    #####:  411:    if ( j >= 3)
branch  0 never executed
branch  1 never executed
        -:  412:    {
    #####:  413:        return 1;
        -:  414:    }
        -:  415:
    #####:  416:    return 0;
        -:  417:}
        -:  418:
function scoreFor called 0 returned 0% blocks executed 0%
    #####:  419:int scoreFor (int player, struct gameState *state) {
        -:  420:
        -:  421:    int i;
    #####:  422:    int score = 0;
        -:  423:    //score from hand
    #####:  424:    for (i = 0; i < state->handCount[player]; i++)
branch  0 never executed
branch  1 never executed
        -:  425:    {
    #####:  426:        if (state->hand[player][i] == curse) {
branch  0 never executed
branch  1 never executed
    #####:  427:            score = score - 1;
        -:  428:        };
    #####:  429:        if (state->hand[player][i] == estate) {
branch  0 never executed
branch  1 never executed
    #####:  430:            score = score + 1;
        -:  431:        };
    #####:  432:        if (state->hand[player][i] == duchy) {
branch  0 never executed
branch  1 never executed
    #####:  433:            score = score + 3;
        -:  434:        };
    #####:  435:        if (state->hand[player][i] == province) {
branch  0 never executed
branch  1 never executed
    #####:  436:            score = score + 6;
        -:  437:        };
    #####:  438:        if (state->hand[player][i] == great_hall) {
branch  0 never executed
branch  1 never executed
    #####:  439:            score = score + 1;
        -:  440:        };
    #####:  441:        if (state->hand[player][i] == gardens) {
branch  0 never executed
branch  1 never executed
    #####:  442:            score = score + ( fullDeckCount(player, 0, state) / 10 );
call    0 never executed
        -:  443:        };
        -:  444:    }
        -:  445:
        -:  446:    //score from discard
    #####:  447:    for (i = 0; i < state->discardCount[player]; i++)
branch  0 never executed
branch  1 never executed
        -:  448:    {
    #####:  449:        if (state->discard[player][i] == curse) {
branch  0 never executed
branch  1 never executed
    #####:  450:            score = score - 1;
        -:  451:        };
    #####:  452:        if (state->discard[player][i] == estate) {
branch  0 never executed
branch  1 never executed
    #####:  453:            score = score + 1;
        -:  454:        };
    #####:  455:        if (state->discard[player][i] == duchy) {
branch  0 never executed
branch  1 never executed
    #####:  456:            score = score + 3;
        -:  457:        };
    #####:  458:        if (state->discard[player][i] == province) {
branch  0 never executed
branch  1 never executed
    #####:  459:            score = score + 6;
        -:  460:        };
    #####:  461:        if (state->discard[player][i] == great_hall) {
branch  0 never executed
branch  1 never executed
    #####:  462:            score = score + 1;
        -:  463:        };
    #####:  464:        if (state->discard[player][i] == gardens) {
branch  0 never executed
branch  1 never executed
    #####:  465:            score = score + ( fullDeckCount(player, 0, state) / 10 );
call    0 never executed
        -:  466:        };
        -:  467:    }
        -:  468:
        -:  469:    //score from deck
    #####:  470:    for (i = 0; i < state->discardCount[player]; i++)
branch  0 never executed
branch  1 never executed
        -:  471:    {
    #####:  472:        if (state->deck[player][i] == curse) {
branch  0 never executed
branch  1 never executed
    #####:  473:            score = score - 1;
        -:  474:        };
    #####:  475:        if (state->deck[player][i] == estate) {
branch  0 never executed
branch  1 never executed
    #####:  476:            score = score + 1;
        -:  477:        };
    #####:  478:        if (state->deck[player][i] == duchy) {
branch  0 never executed
branch  1 never executed
    #####:  479:            score = score + 3;
        -:  480:        };
    #####:  481:        if (state->deck[player][i] == province) {
branch  0 never executed
branch  1 never executed
    #####:  482:            score = score + 6;
        -:  483:        };
    #####:  484:        if (state->deck[player][i] == great_hall) {
branch  0 never executed
branch  1 never executed
    #####:  485:            score = score + 1;
        -:  486:        };
    #####:  487:        if (state->deck[player][i] == gardens) {
branch  0 never executed
branch  1 never executed
    #####:  488:            score = score + ( fullDeckCount(player, 0, state) / 10 );
call    0 never executed
        -:  489:        };
        -:  490:    }
        -:  491:
    #####:  492:    return score;
        -:  493:}
        -:  494:
function getWinners called 0 returned 0% blocks executed 0%
    #####:  495:int getWinners(int players[MAX_PLAYERS], struct gameState *state) {
        -:  496:    int i;
        -:  497:    int j;
        -:  498:    int highScore;
        -:  499:    int currentPlayer;
        -:  500:
        -:  501:    //get score for each player
    #####:  502:    for (i = 0; i < MAX_PLAYERS; i++)
branch  0 never executed
branch  1 never executed
        -:  503:    {
        -:  504:        //set unused player scores to -9999
    #####:  505:        if (i >= state->numPlayers)
branch  0 never executed
branch  1 never executed
        -:  506:        {
    #####:  507:            players[i] = -9999;
        -:  508:        }
        -:  509:        else
        -:  510:        {
    #####:  511:            players[i] = scoreFor (i, state);
call    0 never executed
        -:  512:        }
        -:  513:    }
        -:  514:
        -:  515:    //find highest score
    #####:  516:    j = 0;
    #####:  517:    for (i = 0; i < MAX_PLAYERS; i++)
branch  0 never executed
branch  1 never executed
        -:  518:    {
    #####:  519:        if (players[i] > players[j])
branch  0 never executed
branch  1 never executed
        -:  520:        {
    #####:  521:            j = i;
        -:  522:        }
        -:  523:    }
    #####:  524:    highScore = players[j];
        -:  525:
        -:  526:    //add 1 to players who had less turns
    #####:  527:    currentPlayer = whoseTurn(state);
call    0 never executed
    #####:  528:    for (i = 0; i < MAX_PLAYERS; i++)
branch  0 never executed
branch  1 never executed
        -:  529:    {
    #####:  530:        if ( players[i] == highScore && i > currentPlayer )
branch  0 never executed
branch  1 never executed
branch  2 never executed
branch  3 never executed
        -:  531:        {
    #####:  532:            players[i]++;
        -:  533:        }
        -:  534:    }
        -:  535:
        -:  536:    //find new highest score
    #####:  537:    j = 0;
    #####:  538:    for (i = 0; i < MAX_PLAYERS; i++)
branch  0 never executed
branch  1 never executed
        -:  539:    {
    #####:  540:        if ( players[i] > players[j] )
branch  0 never executed
branch  1 never executed
        -:  541:        {
    #####:  542:            j = i;
        -:  543:        }
        -:  544:    }
    #####:  545:    highScore = players[j];
        -:  546:
        -:  547:    //set winners in array to 1 and rest to 0
    #####:  548:    for (i = 0; i < MAX_PLAYERS; i++)
branch  0 never executed
branch  1 never executed
        -:  549:    {
    #####:  550:        if ( players[i] == highScore )
branch  0 never executed
branch  1 never executed
        -:  551:        {
    #####:  552:            players[i] = 1;
        -:  553:        }
        -:  554:        else
        -:  555:        {
    #####:  556:            players[i] = 0;
        -:  557:        }
        -:  558:    }
        -:  559:
    #####:  560:    return 0;
        -:  561:}
        -:  562:
function drawCard called 74 returned 100% blocks executed 85%
       74:  563:int drawCard(int player, struct gameState *state)
        -:  564:{   int count;
        -:  565:    int deckCounter;
       74:  566:    if (state->deckCount[player] <= 0) { //Deck is empty
branch  0 taken 4% (fallthrough)
branch  1 taken 96%
        -:  567:
        -:  568:        //Step 1 Shuffle the discard pile back into a deck
        -:  569:        int i;
        -:  570:        //Move discard to deck
        3:  571:        for (i = 0; i < state->discardCount[player]; i++) {
branch  0 taken 0%
branch  1 taken 100% (fallthrough)
    #####:  572:            state->deck[player][i] = state->discard[player][i];
    #####:  573:            state->discard[player][i] = -1;
        -:  574:        }
        -:  575:
        3:  576:        state->deckCount[player] = state->discardCount[player];
        3:  577:        state->discardCount[player] = 0;//Reset discard
        -:  578:
        -:  579:        //Shufffle the deck
        3:  580:        shuffle(player, state);//Shuffle the deck up and make it so that we can draw
call    0 returned 100%
        -:  581:
        -:  582:        if (DEBUG) { //Debug statements
        -:  583:            printf("Deck count now: %d\n", state->deckCount[player]);
        -:  584:        }
        -:  585:
        3:  586:        state->discardCount[player] = 0;
        -:  587:
        -:  588:        //Step 2 Draw Card
        3:  589:        count = state->handCount[player];//Get current player's hand count
        -:  590:
        -:  591:        if (DEBUG) { //Debug statements
        -:  592:            printf("Current hand count: %d\n", count);
        -:  593:        }
        -:  594:
        3:  595:        deckCounter = state->deckCount[player];//Create a holder for the deck count
        -:  596:
        3:  597:        if (deckCounter == 0)
branch  0 taken 100% (fallthrough)
branch  1 taken 0%
        3:  598:            return -1;
        -:  599:
    #####:  600:        state->hand[player][count] = state->deck[player][deckCounter - 1];//Add card to hand
    #####:  601:        state->deckCount[player]--;
    #####:  602:        state->handCount[player]++;//Increment hand count
        -:  603:    }
        -:  604:
        -:  605:    else {
       71:  606:        int count = state->handCount[player];//Get current hand count for player
        -:  607:        int deckCounter;
        -:  608:        if (DEBUG) { //Debug statements
        -:  609:            printf("Current hand count: %d\n", count);
        -:  610:        }
        -:  611:
       71:  612:        deckCounter = state->deckCount[player];//Create holder for the deck count
       71:  613:        state->hand[player][count] = state->deck[player][deckCounter - 1];//Add card to the hand
       71:  614:        state->deckCount[player]--;
       71:  615:        state->handCount[player]++;//Increment hand count
        -:  616:    }
        -:  617:
       71:  618:    return 0;
        -:  619:}
        -:  620:
function getCost called 0 returned 0% blocks executed 0%
    #####:  621:int getCost(int cardNumber)
        -:  622:{
    #####:  623:    switch( cardNumber )
branch  0 never executed
branch  1 never executed
branch  2 never executed
branch  3 never executed
branch  4 never executed
branch  5 never executed
branch  6 never executed
branch  7 never executed
branch  8 never executed
branch  9 never executed
branch 10 never executed
branch 11 never executed
branch 12 never executed
branch 13 never executed
branch 14 never executed
branch 15 never executed
branch 16 never executed
branch 17 never executed
branch 18 never executed
branch 19 never executed
branch 20 never executed
branch 21 never executed
branch 22 never executed
branch 23 never executed
branch 24 never executed
branch 25 never executed
branch 26 never executed
branch 27 never executed
        -:  624:    {
        -:  625:    case curse:
    #####:  626:        return 0;
        -:  627:    case estate:
    #####:  628:        return 2;
        -:  629:    case duchy:
    #####:  630:        return 5;
        -:  631:    case province:
    #####:  632:        return 8;
        -:  633:    case copper:
    #####:  634:        return 0;
        -:  635:    case silver:
    #####:  636:        return 3;
        -:  637:    case gold:
    #####:  638:        return 6;
        -:  639:    case adventurer:
    #####:  640:        return 6;
        -:  641:    case council_room:
    #####:  642:        return 5;
        -:  643:    case feast:
    #####:  644:        return 4;
        -:  645:    case gardens:
    #####:  646:        return 4;
        -:  647:    case mine:
    #####:  648:        return 5;
        -:  649:    case remodel:
    #####:  650:        return 4;
        -:  651:    case smithy:
    #####:  652:        return 4;
        -:  653:    case village:
    #####:  654:        return 3;
        -:  655:    case baron:
    #####:  656:        return 4;
        -:  657:    case great_hall:
    #####:  658:        return 3;
        -:  659:    case minion:
    #####:  660:        return 5;
        -:  661:    case steward:
    #####:  662:        return 3;
        -:  663:    case tribute:
    #####:  664:        return 5;
        -:  665:    case ambassador:
    #####:  666:        return 3;
        -:  667:    case cutpurse:
    #####:  668:        return 4;
        -:  669:    case embargo:
    #####:  670:        return 2;
        -:  671:    case outpost:
    #####:  672:        return 5;
        -:  673:    case salvager:
    #####:  674:        return 4;
        -:  675:    case sea_hag:
    #####:  676:        return 4;
        -:  677:    case treasure_map:
    #####:  678:        return 4;
        -:  679:    }
        -:  680:
    #####:  681:    return -1;
        -:  682:}
        -:  683:
        -:  684://Functions to be used in switch statement for Ambassador, mine, baron, tribute, and minion cards.
function minecardEffect called 2 returned 100% blocks executed 24%
        2:  685:int minecardEffect(int choice1, int choice2, struct gameState *state, int handPos){
        -:  686:    int j;
        -:  687:    int i;
        2:  688:    int currentPlayer = whoseTurn(state);
call    0 returned 100%
        2:  689:    j = state->hand[currentPlayer][choice1];  //store card we will trash
        -:  690:
        2:  691:    if (state->hand[currentPlayer][choice1] < copper || state->hand[currentPlayer][choice1] > gold){
branch  0 taken 50% (fallthrough)
branch  1 taken 50%
branch  2 taken 100% (fallthrough)
branch  3 taken 0%
        2:  692:        return -1;
        -:  693:    }
        -:  694:
    #####:  695:    if (choice2 > treasure_map || choice2 < curse){
branch  0 never executed
branch  1 never executed
branch  2 never executed
branch  3 never executed
    #####:  696:        return -1;
        -:  697:    }
        -:  698:
    #####:  699:    if ( (getCost(state->hand[currentPlayer][choice1]) + 3) < getCost(choice2) ){
call    0 never executed
call    1 never executed
branch  2 never executed
branch  3 never executed
    #####:  700:        return -1;
        -:  701:    }
        -:  702:
    #####:  703:    gainCard(choice2, state, 2, currentPlayer);
call    0 never executed
        -:  704:
        -:  705:    //discard card from hand
    #####:  706:    discardCard(handPos, currentPlayer, state, 0);
call    0 never executed
        -:  707:
        -:  708:    //discard trashed card
    #####:  709:    for (i = 0; i < state->handCount[currentPlayer]; i++){
branch  0 never executed
branch  1 never executed
    #####:  710:        if (state->hand[currentPlayer][i] = j)
branch  0 never executed
branch  1 never executed
        -:  711:        {
    #####:  712:            discardCard(i, currentPlayer, state, 0);
call    0 never executed
    #####:  713:                break;
        -:  714:        }
        -:  715:    }
        -:  716:
    #####:  717:    return 0;
        -:  718:}
        -:  719:
function baroncardEffect called 3 returned 100% blocks executed 93%
        3:  720:int baroncardEffect(int choice1, struct gameState *state){
        3:  721:    int currentPlayer = whoseTurn(state);
call    0 returned 100%
        -:  722:
        -:  723:    //state->numBuys++;//Increase buys by 1!
        3:  724:        if (choice1 > 0) { //Boolean true or going to discard an estate
branch  0 taken 67% (fallthrough)
branch  1 taken 33%
        2:  725:            int p = 0;//Iterator for hand!
        2:  726:            int card_not_discarded = 1;//Flag for discard set!
        9:  727:            while(card_not_discarded) {
branch  0 taken 71%
branch  1 taken 29% (fallthrough)
        5:  728:                if (state->hand[currentPlayer][p] == estate) { //Found an estate card!
branch  0 taken 40% (fallthrough)
branch  1 taken 60%
        2:  729:                    state->coins += 4;//Add 4 coins to the amount of coins
        2:  730:                    state->discard[currentPlayer][state->discardCount[currentPlayer]] = state->hand[currentPlayer][p];
        2:  731:                    state->discardCount[currentPlayer]++;
       13:  732:                    for (; p < state->handCount[currentPlayer]; p++) {
branch  0 taken 85%
branch  1 taken 15% (fallthrough)
       11:  733:                        state->hand[currentPlayer][p] = state->hand[currentPlayer][p+1];
        -:  734:                    }
        2:  735:                    state->hand[currentPlayer][state->handCount[currentPlayer]] = -1;
        2:  736:                    state->handCount[currentPlayer]--;
        -:  737:                //  card_not_discarded = 0;//Exit the loop
        -:  738:                }
        3:  739:                else if (p > state->handCount[currentPlayer]) {
branch  0 taken 67% (fallthrough)
branch  1 taken 33%
        -:  740:                    if(DEBUG) {
        -:  741:                        printf("No estate cards in your hand, invalid choice\n");
        -:  742:                        printf("Must gain an estate if there are any\n");
        -:  743:                    }
        2:  744:                    if (supplyCount(estate, state) > 0) {
call    0 returned 100%
branch  1 taken 100% (fallthrough)
branch  2 taken 0%
        2:  745:                        gainCard(estate, state, 0, currentPlayer);
call    0 returned 100%
        -:  746:
        2:  747:                        state->supplyCount[estate]--;//Decrement estates
        2:  748:                        if (supplyCount(estate, state) == 0) {
call    0 returned 100%
branch  1 taken 0% (fallthrough)
branch  2 taken 100%
    #####:  749:                            isGameOver(state);
call    0 never executed
        -:  750:                        }
        -:  751:                    }
        2:  752:                    card_not_discarded = 0;//Exit the loop
        -:  753:                }
        -:  754:
        -:  755:                else {
        1:  756:                    p++;//Next card
        -:  757:                }
        -:  758:            }
        -:  759:        }
        -:  760:
        -:  761:        else {
        1:  762:            if (supplyCount(estate, state) > 0) {
call    0 returned 100%
branch  1 taken 100% (fallthrough)
branch  2 taken 0%
        1:  763:                gainCard(estate, state, 0, currentPlayer);//Gain an estate
call    0 returned 100%
        -:  764:
        1:  765:                state->supplyCount[estate]--;//Decrement Estates
        1:  766:                if (supplyCount(estate, state) == 0) {
call    0 returned 100%
branch  1 taken 0% (fallthrough)
branch  2 taken 100%
    #####:  767:                    isGameOver(state);
call    0 never executed
        -:  768:                }
        -:  769:            }
        -:  770:        }
        -:  771:
        -:  772:
        3:  773:        return 0;
        -:  774:}
        -:  775:
function minioncardEffect called 2 returned 100% blocks executed 100%
        2:  776:int minioncardEffect(int choice1, int choice2, struct gameState *state, int handPos){
        -:  777:    int i;
        -:  778:    int j;
        2:  779:    int currentPlayer = whoseTurn(state);
call    0 returned 100%
        -:  780:    
        2:  781:    state->numActions++;
        -:  782:
        -:  783:        //discard card from hand
        2:  784:        discardCard(handPos, currentPlayer, state, 0);
call    0 returned 100%
        -:  785:
        2:  786:		if (choice1)
branch  0 taken 50% (fallthrough)
branch  1 taken 50%
        -:  787:        {
        1:  788:            state->coins = state->coins + 2;
        -:  789:        }
        1:  790:        else if (choice2)		//discard hand, redraw 4, other players with 5+ cards discard hand and draw 4
branch  0 taken 100% (fallthrough)
branch  1 taken 0%
        -:  791:        {
        -:  792:            //discard hand
        7:  793:            while(numHandCards(state) > 0)
call    0 returned 100%
branch  1 taken 83%
branch  2 taken 17% (fallthrough)
        -:  794:            {
        5:  795:                discardCard(handPos, currentPlayer, state, 0); //Uncommented causing infinite while loop
call    0 returned 100%
        -:  796:            }
        -:  797:
        -:  798:            //draw 4
        5:  799:            for (i = 0; i < 4; i++)
branch  0 taken 80%
branch  1 taken 20% (fallthrough)
        -:  800:            {
        4:  801:                drawCard(currentPlayer, state);
call    0 returned 100%
        -:  802:            }
        -:  803:
        -:  804:            //other players discard hand and redraw if hand size > 4
        4:  805:            for (i = 0; i < state->numPlayers; i++)
branch  0 taken 75%
branch  1 taken 25% (fallthrough)
        -:  806:            {
        -:  807:            //    if (i != currentPlayer){
        3:  808:                    if ( state->handCount[i] > 4 )
branch  0 taken 33% (fallthrough)
branch  1 taken 67%
        -:  809:                    {
        -:  810:                        //discard hand
        8:  811:                        while( state->handCount[i] > 0 )
branch  0 taken 86%
branch  1 taken 14% (fallthrough)
        -:  812:                        {
        6:  813:                            discardCard(handPos, i, state, 0);
call    0 returned 100%
        -:  814:                        }
        -:  815:
        -:  816:                        //draw 4
        5:  817:                        for (j = 0; j < 4; j++)
branch  0 taken 80%
branch  1 taken 20% (fallthrough)
        -:  818:                        {
        4:  819:                            drawCard(i, state);
call    0 returned 100%
        -:  820:                        }
        -:  821:                    }
        -:  822:                }
        -:  823:          //  }
        -:  824:
        -:  825:        }
        2:  826:        return 0;
        -:  827:}
        -:  828:
function tributecardEffect called 3 returned 100% blocks executed 70%
        3:  829:int tributecardEffect(struct gameState *state){
        -:  830:    int i;
        3:  831:    int currentPlayer = whoseTurn(state); 
call    0 returned 100%
        3:  832:    int nextPlayer = currentPlayer;
        3:  833:    int tributeRevealedCards[2] = {-1, -1};
        -:  834:
        3:  835:    if ((state->discardCount[nextPlayer] + state->deckCount[nextPlayer]) <= 1) {
branch  0 taken 0% (fallthrough)
branch  1 taken 100%
    #####:  836:            if (state->deckCount[nextPlayer] > 0) {
branch  0 never executed
branch  1 never executed
    #####:  837:                tributeRevealedCards[0] = state->deck[nextPlayer][state->deckCount[nextPlayer]-1];
    #####:  838:                state->deckCount[nextPlayer]--;
        -:  839:            }
    #####:  840:            else if (state->discardCount[nextPlayer] > 0) {
branch  0 never executed
branch  1 never executed
    #####:  841:                tributeRevealedCards[0] = state->discard[nextPlayer][state->discardCount[nextPlayer]-1];
    #####:  842:                state->discardCount[nextPlayer]--;
        -:  843:            }
        -:  844:            else {
        -:  845:                //No Card to Reveal
        -:  846:                if (DEBUG) {
        -:  847:                    printf("No cards to reveal\n");
        -:  848:                }
        -:  849:            }
        -:  850:        }
        -:  851:
        -:  852:        else {
        3:  853:            if (state->deckCount[nextPlayer] == 0) {
branch  0 taken 0% (fallthrough)
branch  1 taken 100%
    #####:  854:                for (i = 0; i < state->discardCount[nextPlayer]; i++) {
branch  0 never executed
branch  1 never executed
    #####:  855:                    state->deck[nextPlayer][i] = state->discard[nextPlayer][i];//Move to deck
    #####:  856:                    state->deckCount[nextPlayer]++;
    #####:  857:                    state->discard[nextPlayer][i] = -1;
    #####:  858:                    state->discardCount[nextPlayer]--;
        -:  859:                }
        -:  860:
    #####:  861:                shuffle(nextPlayer,state);//Shuffle the deck
call    0 never executed
        -:  862:            }
        3:  863:            tributeRevealedCards[0] = state->deck[nextPlayer][state->deckCount[nextPlayer]-1];
        3:  864:            state->deck[nextPlayer][state->deckCount[nextPlayer]--] = -1;
        3:  865:            state->deckCount[nextPlayer]--;
        3:  866:            tributeRevealedCards[1] = state->deck[nextPlayer][state->deckCount[nextPlayer]-1];
        3:  867:            state->deck[nextPlayer][state->deckCount[nextPlayer]--] = -1;
        3:  868:            state->deckCount[nextPlayer]--;
        -:  869:        }
        -:  870:
        3:  871:        if (tributeRevealedCards[0] == tributeRevealedCards[1]) { //If we have a duplicate card, just drop one
branch  0 taken 0% (fallthrough)
branch  1 taken 100%
    #####:  872:            state->playedCards[state->playedCardCount] = tributeRevealedCards[1];
    #####:  873:            state->playedCardCount++;
    #####:  874:            tributeRevealedCards[1] = -1;
        -:  875:        }
        -:  876:
       12:  877:        for (i = 0; i <= 2; i ++) {
branch  0 taken 75%
branch  1 taken 25% (fallthrough)
        9:  878:            if (tributeRevealedCards[i] == copper || tributeRevealedCards[i] == silver || tributeRevealedCards[i] == gold) { //Treasure cards
branch  0 taken 67% (fallthrough)
branch  1 taken 33%
branch  2 taken 100% (fallthrough)
branch  3 taken 0%
branch  4 taken 0% (fallthrough)
branch  5 taken 100%
        3:  879:                state->coins += 2;
        -:  880:            }
        -:  881:
        6:  882:            else if (tributeRevealedCards[i] == estate || tributeRevealedCards[i] == duchy || tributeRevealedCards[i] == province || tributeRevealedCards[i] == gardens || tributeRevealedCards[i] == great_hall) { //Victory Card Found
branch  0 taken 50% (fallthrough)
branch  1 taken 50%
branch  2 taken 100% (fallthrough)
branch  3 taken 0%
branch  4 taken 100% (fallthrough)
branch  5 taken 0%
branch  6 taken 100% (fallthrough)
branch  7 taken 0%
branch  8 taken 0% (fallthrough)
branch  9 taken 100%
        3:  883:                drawCard(currentPlayer, state);
call    0 returned 100%
        3:  884:                drawCard(currentPlayer, state);
call    0 returned 100%
        -:  885:            }
        -:  886:            else { //Action Card
        3:  887:                state->numActions = state->numActions + 2;
        -:  888:            }
        -:  889:        }
        -:  890:    //return 0;
        3:  891:}
        -:  892:
function ambassadorcardEffect called 2 returned 100% blocks executed 91%
        2:  893:int ambassadorcardEffect(int choice2, int choice1, struct gameState *state, int handPos){
        2:  894:        int j = 0;		//used to check if player has enough cards to discard
        -:  895:        int i; 
        2:  896:        int currentPlayer = whoseTurn(state); 
call    0 returned 100%
        -:  897:
        -:  898:        
        2:  899:        if (choice2 > 2 || choice2 < 0)
branch  0 taken 100% (fallthrough)
branch  1 taken 0%
branch  2 taken 0% (fallthrough)
branch  3 taken 100%
        -:  900:        {
    #####:  901:            return -1;
        -:  902:        }
        -:  903:
        2:  904:        if (choice1 == handPos)
branch  0 taken 0% (fallthrough)
branch  1 taken 100%
        -:  905:        {
    #####:  906:            return -1;
        -:  907:        }
        -:  908:
       13:  909:        for (i = 0; i < state->handCount[currentPlayer]; i++)
branch  0 taken 85%
branch  1 taken 15% (fallthrough)
        -:  910:        {
       11:  911:            if (i != handPos && i == state->hand[currentPlayer][choice1] && i != choice1)
branch  0 taken 82% (fallthrough)
branch  1 taken 18%
branch  2 taken 11% (fallthrough)
branch  3 taken 89%
branch  4 taken 100% (fallthrough)
branch  5 taken 0%
        -:  912:            {
        1:  913:                j++;
        -:  914:            }
        -:  915:        }
        2:  916:        if (i < choice2) //changed j to i
branch  0 taken 0% (fallthrough)
branch  1 taken 100%
        -:  917:        {
    #####:  918:            return -1;
        -:  919:        }
        -:  920:
        -:  921:        if (DEBUG)
        -:  922:            printf("Player %d reveals card number: %d\n", currentPlayer, state->hand[currentPlayer][choice1]);
        -:  923:
        -:  924:        //increase supply count for choosen card by amount being discarded
        2:  925:        state->supplyCount[state->hand[currentPlayer][choice1]] += choice2;
        -:  926:
        -:  927:        //each other player gains a copy of revealed card
        7:  928:        for (i = 0; i < state->numPlayers; i++)
branch  0 taken 71%
branch  1 taken 29% (fallthrough)
        -:  929:        {
        5:  930:            if (i != currentPlayer)
branch  0 taken 60% (fallthrough)
branch  1 taken 40%
        -:  931:            {
        3:  932:                gainCard(state->hand[currentPlayer][choice1], state, 0, i);
call    0 returned 100%
        -:  933:            }
        -:  934:        }
        -:  935:
        -:  936:        //discard played card from hand
        2:  937:        discardCard(handPos, currentPlayer, state, 0);
call    0 returned 100%
        -:  938:
        -:  939:        //trash copies of cards returned to supply
        3:  940:        for (j = 0; j < choice2; j++)
branch  0 taken 33%
branch  1 taken 67% (fallthrough)
        -:  941:        {
        2:  942:            for (i = 0; i < state->handCount[currentPlayer]; i++)
branch  0 taken 100%
branch  1 taken 0% (fallthrough)
        -:  943:            {
        2:  944:                if (state->hand[currentPlayer][i] == state->hand[currentPlayer][choice1])
branch  0 taken 50% (fallthrough)
branch  1 taken 50%
        -:  945:                {
        1:  946:                    discardCard(i, currentPlayer, state, 1);
call    0 returned 100%
        1:  947:                    break;
        -:  948:                }
        -:  949:            }
        -:  950:        }
        -:  951:
        2:  952:        return 0;
        -:  953:}
        -:  954:
        -:  955:
function cardEffect called 0 returned 0% blocks executed 0%
    #####:  956:int cardEffect(int card, int choice1, int choice2, int choice3, struct gameState *state, int handPos, int *bonus)
        -:  957:{
        -:  958:    int i;
        -:  959:    int j;
        -:  960:    int k;
        -:  961:    int x;
        -:  962:    int index;
    #####:  963:    int currentPlayer = whoseTurn(state);
call    0 never executed
    #####:  964:    int nextPlayer = currentPlayer + 1;
        -:  965:
        -:  966:    int temphand[MAX_HAND];// moved above the if statement
    #####:  967:    int drawntreasure=0;
        -:  968:    int cardDrawn;
    #####:  969:    int z = 0;// this is the counter for the temp hand
    #####:  970:    if (nextPlayer > (state->numPlayers - 1)) {
branch  0 never executed
branch  1 never executed
    #####:  971:        nextPlayer = 0;
        -:  972:    }
        -:  973:
        -:  974:
        -:  975:    //uses switch to select card and perform actions
    #####:  976:    switch(card)
branch  0 never executed
branch  1 never executed
branch  2 never executed
branch  3 never executed
branch  4 never executed
branch  5 never executed
branch  6 never executed
branch  7 never executed
branch  8 never executed
branch  9 never executed
branch 10 never executed
branch 11 never executed
branch 12 never executed
branch 13 never executed
branch 14 never executed
branch 15 never executed
branch 16 never executed
branch 17 never executed
branch 18 never executed
branch 19 never executed
branch 20 never executed
        -:  977:    {
        -:  978:    case adventurer:
    #####:  979:        while(drawntreasure<2) {
branch  0 never executed
branch  1 never executed
    #####:  980:            if (state->deckCount[currentPlayer] <1) { //if the deck is empty we need to shuffle discard and add to deck
branch  0 never executed
branch  1 never executed
    #####:  981:                shuffle(currentPlayer, state);
call    0 never executed
        -:  982:            }
    #####:  983:            drawCard(currentPlayer, state);
call    0 never executed
    #####:  984:            cardDrawn = state->hand[currentPlayer][state->handCount[currentPlayer]-1];//top card of hand is most recently drawn card.
    #####:  985:            if (cardDrawn == copper || cardDrawn == silver || cardDrawn == gold)
branch  0 never executed
branch  1 never executed
branch  2 never executed
branch  3 never executed
branch  4 never executed
branch  5 never executed
    #####:  986:                drawntreasure++;
        -:  987:            else {
    #####:  988:                temphand[z]=cardDrawn;
    #####:  989:                state->handCount[currentPlayer]--; //this should just remove the top card (the most recently drawn one).
    #####:  990:                z++;
        -:  991:            }
        -:  992:        }
    #####:  993:        while(z-1>=0) {
branch  0 never executed
branch  1 never executed
    #####:  994:            state->discard[currentPlayer][state->discardCount[currentPlayer]++]=temphand[z-1]; // discard all cards in play that have been drawn
    #####:  995:            z=z-1;
        -:  996:        }
    #####:  997:        return 0;
        -:  998:
        -:  999:    case council_room:
        -: 1000:        //+4 Cards
    #####: 1001:        for (i = 0; i < 4; i++)
branch  0 never executed
branch  1 never executed
        -: 1002:        {
    #####: 1003:            drawCard(currentPlayer, state);
call    0 never executed
        -: 1004:        }
        -: 1005:
        -: 1006:        //+1 Buy
    #####: 1007:        state->numBuys++;
        -: 1008:
        -: 1009:        //Each other player draws a card
    #####: 1010:        for (i = 0; i < state->numPlayers; i++)
branch  0 never executed
branch  1 never executed
        -: 1011:        {
    #####: 1012:            if ( i != currentPlayer )
branch  0 never executed
branch  1 never executed
        -: 1013:            {
    #####: 1014:                drawCard(i, state);
call    0 never executed
        -: 1015:            }
        -: 1016:        }
        -: 1017:
        -: 1018:        //put played card in played card pile
    #####: 1019:        discardCard(handPos, currentPlayer, state, 0);
call    0 never executed
        -: 1020:
    #####: 1021:        return 0;
        -: 1022:
        -: 1023:    case feast:
        -: 1024:        //gain card with cost up to 5
        -: 1025:        //Backup hand
    #####: 1026:        for (i = 0; i <= state->handCount[currentPlayer]; i++) {
branch  0 never executed
branch  1 never executed
    #####: 1027:            temphand[i] = state->hand[currentPlayer][i];//Backup card
    #####: 1028:            state->hand[currentPlayer][i] = -1;//Set to nothing
        -: 1029:        }
        -: 1030:        //Backup hand
        -: 1031:
        -: 1032:        //Update Coins for Buy
    #####: 1033:        updateCoins(currentPlayer, state, 5);
call    0 never executed
    #####: 1034:        x = 1;//Condition to loop on
    #####: 1035:        while( x == 1) {//Buy one card
branch  0 never executed
branch  1 never executed
    #####: 1036:            if (supplyCount(choice1, state) <= 0) {
call    0 never executed
branch  1 never executed
branch  2 never executed
        -: 1037:                if (DEBUG)
        -: 1038:                    printf("None of that card left, sorry!\n");
        -: 1039:
        -: 1040:                if (DEBUG) {
        -: 1041:                    printf("Cards Left: %d\n", supplyCount(choice1, state));
        -: 1042:                }
        -: 1043:            }
    #####: 1044:            else if (state->coins < getCost(choice1)) {
call    0 never executed
branch  1 never executed
branch  2 never executed
    #####: 1045:                printf("That card is too expensive!\n");
call    0 never executed
        -: 1046:
        -: 1047:                if (DEBUG) {
        -: 1048:                    printf("Coins: %d < %d\n", state->coins, getCost(choice1));
        -: 1049:                }
        -: 1050:            }
        -: 1051:            else {
        -: 1052:
        -: 1053:                if (DEBUG) {
        -: 1054:                    printf("Deck Count: %d\n", state->handCount[currentPlayer] + state->deckCount[currentPlayer] + state->discardCount[currentPlayer]);
        -: 1055:                }
        -: 1056:
    #####: 1057:                gainCard(choice1, state, 0, currentPlayer);//Gain the card
call    0 never executed
    #####: 1058:                x = 0;//No more buying cards
        -: 1059:
        -: 1060:                if (DEBUG) {
        -: 1061:                    printf("Deck Count: %d\n", state->handCount[currentPlayer] + state->deckCount[currentPlayer] + state->discardCount[currentPlayer]);
        -: 1062:                }
        -: 1063:
        -: 1064:            }
        -: 1065:        }
        -: 1066:
        -: 1067:        //Reset Hand
    #####: 1068:        for (i = 0; i <= state->handCount[currentPlayer]; i++) {
branch  0 never executed
branch  1 never executed
    #####: 1069:            state->hand[currentPlayer][i] = temphand[i];
    #####: 1070:            temphand[i] = -1;
        -: 1071:        }
        -: 1072:        //Reset Hand
        -: 1073:
    #####: 1074:        return 0;
        -: 1075:
        -: 1076:    case gardens:
    #####: 1077:        return -1;
        -: 1078:
        -: 1079:    case mine:
        -: 1080:
    #####: 1081:        minecardEffect(choice1, choice2, state, handPos);
call    0 never executed
        -: 1082:
    #####: 1083:        return 0;
        -: 1084:
        -: 1085:    case remodel:
    #####: 1086:        j = state->hand[currentPlayer][choice1];  //store card we will trash
        -: 1087:
    #####: 1088:        if ( (getCost(state->hand[currentPlayer][choice1]) + 2) > getCost(choice2) )
call    0 never executed
call    1 never executed
branch  2 never executed
branch  3 never executed
        -: 1089:        {
    #####: 1090:            return -1;
        -: 1091:        }
        -: 1092:
    #####: 1093:        gainCard(choice2, state, 0, currentPlayer);
call    0 never executed
        -: 1094:
        -: 1095:        //discard card from hand
    #####: 1096:        discardCard(handPos, currentPlayer, state, 0);
call    0 never executed
        -: 1097:
        -: 1098:        //discard trashed card
    #####: 1099:        for (i = 0; i < state->handCount[currentPlayer]; i++)
branch  0 never executed
branch  1 never executed
        -: 1100:        {
    #####: 1101:            if (state->hand[currentPlayer][i] == j)
branch  0 never executed
branch  1 never executed
        -: 1102:            {
    #####: 1103:                discardCard(i, currentPlayer, state, 0);
call    0 never executed
    #####: 1104:                break;
        -: 1105:            }
        -: 1106:        }
        -: 1107:
        -: 1108:
    #####: 1109:        return 0;
        -: 1110:
        -: 1111:    case smithy:
        -: 1112:        //+3 Cards
    #####: 1113:        for (i = 0; i < 3; i++)
branch  0 never executed
branch  1 never executed
        -: 1114:        {
    #####: 1115:            drawCard(currentPlayer, state);
call    0 never executed
        -: 1116:        }
        -: 1117:
        -: 1118:        //discard card from hand
    #####: 1119:        discardCard(handPos, currentPlayer, state, 0);
call    0 never executed
    #####: 1120:        return 0;
        -: 1121:
        -: 1122:    case village:
        -: 1123:        //+1 Card
    #####: 1124:        drawCard(currentPlayer, state);
call    0 never executed
        -: 1125:
        -: 1126:        //+2 Actions
    #####: 1127:        state->numActions = state->numActions + 2;
        -: 1128:
        -: 1129:        //discard played card from hand
    #####: 1130:        discardCard(handPos, currentPlayer, state, 0);
call    0 never executed
    #####: 1131:        return 0;
        -: 1132:
        -: 1133:    case baron:
        -: 1134:
    #####: 1135:        baroncardEffect(choice1, state);
call    0 never executed
        -: 1136:
    #####: 1137:        return 0;
        -: 1138:
        -: 1139:    case great_hall:
        -: 1140:        //+1 Card
    #####: 1141:        drawCard(currentPlayer, state);
call    0 never executed
        -: 1142:
        -: 1143:        //+1 Actions
    #####: 1144:        state->numActions++;
        -: 1145:
        -: 1146:        //discard card from hand
    #####: 1147:        discardCard(handPos, currentPlayer, state, 0);
call    0 never executed
    #####: 1148:        return 0;
        -: 1149:
        -: 1150:    case minion:
        -: 1151:    
    #####: 1152:        minioncardEffect(choice1, choice2, state, handPos);
call    0 never executed
        -: 1153:        
    #####: 1154:        return 0;
        -: 1155:
        -: 1156:    case steward:
    #####: 1157:        if (choice1 == 1)
branch  0 never executed
branch  1 never executed
        -: 1158:        {
        -: 1159:            //+2 cards
    #####: 1160:            drawCard(currentPlayer, state);
call    0 never executed
    #####: 1161:            drawCard(currentPlayer, state);
call    0 never executed
        -: 1162:        }
    #####: 1163:        else if (choice1 == 2)
branch  0 never executed
branch  1 never executed
        -: 1164:        {
        -: 1165:            //+2 coins
    #####: 1166:            state->coins = state->coins + 2;
        -: 1167:        }
        -: 1168:        else
        -: 1169:        {
        -: 1170:            //trash 2 cards in hand
    #####: 1171:            discardCard(choice2, currentPlayer, state, 1);
call    0 never executed
    #####: 1172:            discardCard(choice3, currentPlayer, state, 1);
call    0 never executed
        -: 1173:        }
        -: 1174:
        -: 1175:        //discard card from hand
    #####: 1176:        discardCard(handPos, currentPlayer, state, 0);
call    0 never executed
    #####: 1177:        return 0;
        -: 1178:
        -: 1179:    case tribute:
        -: 1180:        
    #####: 1181:        tributecardEffect(state);
call    0 never executed
        -: 1182:
    #####: 1183:        return 0;
        -: 1184:
        -: 1185:    case ambassador:
        -: 1186:    
    #####: 1187:        ambassadorcardEffect(choice1, choice2, state, handPos); 
call    0 never executed
        -: 1188:        
    #####: 1189:        return 0;
        -: 1190:
        -: 1191:    case cutpurse:
        -: 1192:
    #####: 1193:        updateCoins(currentPlayer, state, 2);
call    0 never executed
    #####: 1194:        for (i = 0; i < state->numPlayers; i++)
branch  0 never executed
branch  1 never executed
        -: 1195:        {
    #####: 1196:            if (i != currentPlayer)
branch  0 never executed
branch  1 never executed
        -: 1197:            {
    #####: 1198:                for (j = 0; j < state->handCount[i]; j++)
branch  0 never executed
branch  1 never executed
        -: 1199:                {
    #####: 1200:                    if (state->hand[i][j] == copper)
branch  0 never executed
branch  1 never executed
        -: 1201:                    {
    #####: 1202:                        discardCard(j, i, state, 0);
call    0 never executed
    #####: 1203:                        break;
        -: 1204:                    }
    #####: 1205:                    if (j == state->handCount[i])
branch  0 never executed
branch  1 never executed
        -: 1206:                    {
    #####: 1207:                        for (k = 0; k < state->handCount[i]; k++)
branch  0 never executed
branch  1 never executed
        -: 1208:                        {
        -: 1209:                            if (DEBUG)
        -: 1210:                                printf("Player %d reveals card number %d\n", i, state->hand[i][k]);
        -: 1211:                        }
    #####: 1212:                        break;
        -: 1213:                    }
        -: 1214:                }
        -: 1215:
        -: 1216:            }
        -: 1217:
        -: 1218:        }
        -: 1219:
        -: 1220:        //discard played card from hand
    #####: 1221:        discardCard(handPos, currentPlayer, state, 0);
call    0 never executed
        -: 1222:
    #####: 1223:        return 0;
        -: 1224:
        -: 1225:
        -: 1226:    case embargo:
        -: 1227:        //+2 Coins
    #####: 1228:        state->coins = state->coins + 2;
        -: 1229:
        -: 1230:        //see if selected pile is in play
    #####: 1231:        if ( state->supplyCount[choice1] == -1 )
branch  0 never executed
branch  1 never executed
        -: 1232:        {
    #####: 1233:            return -1;
        -: 1234:        }
        -: 1235:
        -: 1236:        //add embargo token to selected supply pile
    #####: 1237:        state->embargoTokens[choice1]++;
        -: 1238:
        -: 1239:        //trash card
    #####: 1240:        discardCard(handPos, currentPlayer, state, 1);
call    0 never executed
    #####: 1241:        return 0;
        -: 1242:
        -: 1243:    case outpost:
        -: 1244:        //set outpost flag
    #####: 1245:        state->outpostPlayed++;
        -: 1246:
        -: 1247:        //discard card
    #####: 1248:        discardCard(handPos, currentPlayer, state, 0);
call    0 never executed
    #####: 1249:        return 0;
        -: 1250:
        -: 1251:    case salvager:
        -: 1252:        //+1 buy
    #####: 1253:        state->numBuys++;
        -: 1254:
    #####: 1255:        if (choice1)
branch  0 never executed
branch  1 never executed
        -: 1256:        {
        -: 1257:            //gain coins equal to trashed card
    #####: 1258:            state->coins = state->coins + getCost( handCard(choice1, state) );
call    0 never executed
call    1 never executed
        -: 1259:            //trash card
    #####: 1260:            discardCard(choice1, currentPlayer, state, 1);
call    0 never executed
        -: 1261:        }
        -: 1262:
        -: 1263:        //discard card
    #####: 1264:        discardCard(handPos, currentPlayer, state, 0);
call    0 never executed
    #####: 1265:        return 0;
        -: 1266:
        -: 1267:    case sea_hag:
    #####: 1268:        for (i = 0; i < state->numPlayers; i++) {
branch  0 never executed
branch  1 never executed
    #####: 1269:            if (i != currentPlayer) {
branch  0 never executed
branch  1 never executed
    #####: 1270:                state->discard[i][state->discardCount[i]] = state->deck[i][state->deckCount[i]--];
    #####: 1271:                state->deckCount[i]--;
    #####: 1272:                state->discardCount[i]++;
    #####: 1273:                state->deck[i][state->deckCount[i]--] = curse;//Top card now a curse
        -: 1274:            }
        -: 1275:        }
    #####: 1276:        return 0;
        -: 1277:
        -: 1278:    case treasure_map:
        -: 1279:        //search hand for another treasure_map
    #####: 1280:        index = -1;
    #####: 1281:        for (i = 0; i < state->handCount[currentPlayer]; i++)
branch  0 never executed
branch  1 never executed
        -: 1282:        {
    #####: 1283:            if (state->hand[currentPlayer][i] == treasure_map && i != handPos)
branch  0 never executed
branch  1 never executed
branch  2 never executed
branch  3 never executed
        -: 1284:            {
    #####: 1285:                index = i;
    #####: 1286:                break;
        -: 1287:            }
        -: 1288:        }
    #####: 1289:        if (index > -1)
branch  0 never executed
branch  1 never executed
        -: 1290:        {
        -: 1291:            //trash both treasure cards
    #####: 1292:            discardCard(handPos, currentPlayer, state, 1);
call    0 never executed
    #####: 1293:            discardCard(index, currentPlayer, state, 1);
call    0 never executed
        -: 1294:
        -: 1295:            //gain 4 Gold cards
    #####: 1296:            for (i = 0; i < 4; i++)
branch  0 never executed
branch  1 never executed
        -: 1297:            {
    #####: 1298:                gainCard(gold, state, 1, currentPlayer);
call    0 never executed
        -: 1299:            }
        -: 1300:
        -: 1301:            //return success
    #####: 1302:            return 1;
        -: 1303:        }
        -: 1304:
        -: 1305:        //no second treasure_map found in hand
    #####: 1306:        return -1;
        -: 1307:    }
        -: 1308:
    #####: 1309:    return -1;
        -: 1310:}
        -: 1311:
function discardCard called 16 returned 100% blocks executed 89%
       16: 1312:int discardCard(int handPos, int currentPlayer, struct gameState *state, int trashFlag)
        -: 1313:{
        -: 1314:
        -: 1315:    //if card is not trashed, added to Played pile
       16: 1316:    if (trashFlag < 1)
branch  0 taken 94% (fallthrough)
branch  1 taken 6%
        -: 1317:    {
        -: 1318:        //add card to played pile
       15: 1319:        state->playedCards[state->playedCardCount] = state->hand[currentPlayer][handPos];
       15: 1320:        state->playedCardCount++;
        -: 1321:    }
        -: 1322:
        -: 1323:    //set played card to -1
       16: 1324:    state->hand[currentPlayer][handPos] = -1;
        -: 1325:
        -: 1326:    //remove card from player's hand
       16: 1327:    if ( handPos == (state->handCount[currentPlayer] - 1) ) 	//last card in hand array is played
branch  0 taken 13% (fallthrough)
branch  1 taken 88%
        -: 1328:    {
        -: 1329:        //reduce number of cards in hand
        2: 1330:        state->handCount[currentPlayer]--;
        -: 1331:    }
       14: 1332:    else if ( state->handCount[currentPlayer] == 1 ) //only one card in hand
branch  0 taken 0% (fallthrough)
branch  1 taken 100%
        -: 1333:    {
        -: 1334:        //reduce number of cards in hand
    #####: 1335:        state->handCount[currentPlayer]--;
        -: 1336:    }
        -: 1337:    else
        -: 1338:    {
        -: 1339:        //replace discarded card with last card in hand
       14: 1340:        state->hand[currentPlayer][handPos] = state->hand[currentPlayer][ (state->handCount[currentPlayer] - 1)];
        -: 1341:        //set last card to -1
       14: 1342:        state->hand[currentPlayer][state->handCount[currentPlayer] - 1] = -1;
        -: 1343:        //reduce number of cards in hand
       14: 1344:        state->handCount[currentPlayer]--;
        -: 1345:    }
        -: 1346:
       16: 1347:    return 0;
        -: 1348:}
        -: 1349:
function gainCard called 6 returned 100% blocks executed 80%
        6: 1350:int gainCard(int supplyPos, struct gameState *state, int toFlag, int player)
        -: 1351:{
        -: 1352:    //Note: supplyPos is enum of choosen card
        -: 1353:
        -: 1354:    //check if supply pile is empty (0) or card is not used in game (-1)
        6: 1355:    if ( supplyCount(supplyPos, state) < 1 )
call    0 returned 100%
branch  1 taken 17% (fallthrough)
branch  2 taken 83%
        -: 1356:    {
        1: 1357:        return -1;
        -: 1358:    }
        -: 1359:
        -: 1360:    //added card for [whoseTurn] current player:
        -: 1361:    // toFlag = 0 : add to discard
        -: 1362:    // toFlag = 1 : add to deck
        -: 1363:    // toFlag = 2 : add to hand
        -: 1364:
        5: 1365:    if (toFlag == 1)
branch  0 taken 0% (fallthrough)
branch  1 taken 100%
        -: 1366:    {
    #####: 1367:        state->deck[ player ][ state->deckCount[player] ] = supplyPos;
    #####: 1368:        state->deckCount[player]++;
        -: 1369:    }
        5: 1370:    else if (toFlag == 2)
branch  0 taken 0% (fallthrough)
branch  1 taken 100%
        -: 1371:    {
    #####: 1372:        state->hand[ player ][ state->handCount[player] ] = supplyPos;
    #####: 1373:        state->handCount[player]++;
        -: 1374:    }
        -: 1375:    else
        -: 1376:    {
        5: 1377:        state->discard[player][ state->discardCount[player] ] = supplyPos;
        5: 1378:        state->discardCount[player]++;
        -: 1379:    }
        -: 1380:
        -: 1381:    //decrease number in supply pile
        5: 1382:    state->supplyCount[supplyPos]--;
        -: 1383:
        5: 1384:    return 0;
        -: 1385:}
        -: 1386:
function updateCoins called 12 returned 100% blocks executed 82%
       12: 1387:int updateCoins(int player, struct gameState *state, int bonus)
        -: 1388:{
        -: 1389:    int i;
        -: 1390:
        -: 1391:    //reset coin count
       12: 1392:    state->coins = 0;
        -: 1393:
        -: 1394:    //add coins for each Treasure card in player's hand
       72: 1395:    for (i = 0; i < state->handCount[player]; i++)
branch  0 taken 83%
branch  1 taken 17% (fallthrough)
        -: 1396:    {
       60: 1397:        if (state->hand[player][i] == copper)
branch  0 taken 80% (fallthrough)
branch  1 taken 20%
        -: 1398:        {
       48: 1399:            state->coins += 1;
        -: 1400:        }
       12: 1401:        else if (state->hand[player][i] == silver)
branch  0 taken 0% (fallthrough)
branch  1 taken 100%
        -: 1402:        {
    #####: 1403:            state->coins += 2;
        -: 1404:        }
       12: 1405:        else if (state->hand[player][i] == gold)
branch  0 taken 0% (fallthrough)
branch  1 taken 100%
        -: 1406:        {
    #####: 1407:            state->coins += 3;
        -: 1408:        }
        -: 1409:    }
        -: 1410:
        -: 1411:    //add bonus
       12: 1412:    state->coins += bonus;
        -: 1413:
       12: 1414:    return 0;
        -: 1415:}
        -: 1416:
        -: 1417:
        -: 1418://end of dominion.c
